-------------------------------------------------------------------------------
Test set: TestRunner.Run
-------------------------------------------------------------------------------
Tests run: 5, Failures: 1, Errors: 0, Skipped: 0, Time elapsed: 174.856 s <<< FAILURE! - in TestRunner.Run
TestRunner.Run.runScenario["Add new customer", "Customer"](1)  Time elapsed: 70.171 s  <<< FAILURE!
java.lang.AssertionError

